  		INFO4017 INF DEPTINF UYI 
  WELCOME TO OUR CLEAR STRUCTURE CODE 
  GO 


  HIT THE NUMBER BEHIND THE ACTION TO LAUNCH 
  1) STRASSEN 
  2) LCS 
  3) SEQUENCE GLOBAL ALIGNMENT 
  0) EXIT 

  CHOOSE YOUR ACTION 
  WELCOME TO SEQUENCE GLOBAL ALIGNMENT IMPLEMENTATION 
  YOU'RE ABLE TO GET LONGEST COMMON SUBSEQUENCES 
  YOU JUST NEED TO ENTER PATH OF DIFFERENTS 
  SEQUENCE WITH THE STRUCTURE OF TEXT 
  DEFAULT 
  MATCH = 2, MISMATCH = -1, GAP = -2 
  LET'S START 


  HIT THE NUMBER BEHIND THE ACTION TO LAUNCH 
  1) LOAD SEQUENCE 1 
  2) LOAD SEQUENCE 2 
  3) PRINT SEQUENCE 1 
  4) PRINT SEQUENCE 2 
  5) GSA(SEQUENCE1,SEQUENCE2) 
  6) SAVE RESULT SUBSEQUENCE 
  7) PRINT RESULT SUBSEQUENCE 
  8) ARN GENERATOR 
  0) EXIT 

  CHOOSE YOUR ACTION 

  PLEASE HIT THE SEQUENCE PATH 
 PROCESS COMPLETED


  HIT THE NUMBER BEHIND THE ACTION TO LAUNCH 
  1) LOAD SEQUENCE 1 
  2) LOAD SEQUENCE 2 
  3) PRINT SEQUENCE 1 
  4) PRINT SEQUENCE 2 
  5) GSA(SEQUENCE1,SEQUENCE2) 
  6) SAVE RESULT SUBSEQUENCE 
  7) PRINT RESULT SUBSEQUENCE 
  8) ARN GENERATOR 
  0) EXIT 

  CHOOSE YOUR ACTION 

  PLEASE HIT THE SEQUENCE PATH 
 PROCESS COMPLETED


  HIT THE NUMBER BEHIND THE ACTION TO LAUNCH 
  1) LOAD SEQUENCE 1 
  2) LOAD SEQUENCE 2 
  3) PRINT SEQUENCE 1 
  4) PRINT SEQUENCE 2 
  5) GSA(SEQUENCE1,SEQUENCE2) 
  6) SAVE RESULT SUBSEQUENCE 
  7) PRINT RESULT SUBSEQUENCE 
  8) ARN GENERATOR 
  0) EXIT 

  CHOOSE YOUR ACTION 
1,1 | A,C =-1
1,2 | A,T =-3
1,3 | A,T =-5
1,4 | A,G =-7
2;1 | C;C =0
2,2 | C,T =-2
2,3 | C,T =-4
2,4 | C,G =-6
3,1 | T,C =-2
3;2 | T;T =2
3;3 | T;T =0
3,4 | T,G =-2
4,1 | G,C =-4
4,2 | G,T =0
4,3 | G,T =1
4;4 | G;G =2
4,4
1666011715000
1666011715000
4,4=1
+++++++
ˇ
3,3=2
-------
^
ˇ
2,2=2
-------
^
ˇ
1,1=1
+++++++
ˇ
0,0=1
+++++++

iiii
0,0 q: 
1,1 w: A
1,1 p: C
2,2 X++: AC
2,2 Y--: CT
2,1=1
+++++++
ˇ
1,0=1
+++++++

i
1,0 q: 
2,1 w: AC
2,1 p: _C
2,2 Y*: CT
2,2 Y*: _CT
2,2 *: CT
2,2 *: _CT
3,3 X++: ACT
3,3 X++: AC_T
3,3 Y--: CTT
3,3 Y--: _CTT
3,2=1
+++++++
ˇ
2,1=1
+++++++
ˇ
1,0=1
+++++++

i
1,0 q: 
2,1 w: AC
2,1 p: _C
3,2 w: ACT
3,2 p: _CT
3,3 Y*: CTT
3,3 Y*: _CTT
3,3 Y*: _CTT
3,3 *: CTT
3,3 *: _CTT
3,3 *: _CTT
4,4 w: ACTG
4,4 w: AC_TG
4,4 w: ACT_G
4,4 p: CTTG
4,4 p: _CTTG
4,4 p: _CTTG
2
1666011715000
1666011715000


  HIT THE NUMBER BEHIND THE ACTION TO LAUNCH 
  1) LOAD SEQUENCE 1 
  2) LOAD SEQUENCE 2 
  3) PRINT SEQUENCE 1 
  4) PRINT SEQUENCE 2 
  5) GSA(SEQUENCE1,SEQUENCE2) 
  6) SAVE RESULT SUBSEQUENCE 
  7) PRINT RESULT SUBSEQUENCE 
  8) ARN GENERATOR 
  0) EXIT 

  CHOOSE YOUR ACTION 
score_max : 2
X[0] = ACTG
Y[0] = CTTG

X[1] = AC_TG
Y[1] = _CTTG

X[2] = ACT_G
Y[2] = _CTTG



  HIT THE NUMBER BEHIND THE ACTION TO LAUNCH 
  1) LOAD SEQUENCE 1 
  2) LOAD SEQUENCE 2 
  3) PRINT SEQUENCE 1 
  4) PRINT SEQUENCE 2 
  5) GSA(SEQUENCE1,SEQUENCE2) 
  6) SAVE RESULT SUBSEQUENCE 
  7) PRINT RESULT SUBSEQUENCE 
  8) ARN GENERATOR 
  0) EXIT 

  CHOOSE YOUR ACTION 
 THANKS FOR YOUR RELIABILITY 


  HIT THE NUMBER BEHIND THE ACTION TO LAUNCH 
  1) STRASSEN 
  2) LCS 
  3) SEQUENCE GLOBAL ALIGNMENT 
  0) EXIT 

  CHOOSE YOUR ACTION 
 THANKS FOR YOUR RELIABILITY AND GOOD BYE 
